[ 2018-12-23T16:03:34+08:00 ] 127.0.0.1 127.0.0.1 GET /favicon.ico
[ log ] shop.com/favicon.ico [运行时间：0.077005s][吞吐率：12.99req/s] [内存消耗：709.55kb] [文件加载：26]
[ info ] [ LANG ] C:\phpStudy\PHPTutorial\WWW\thinkphp\thinkphp\lang\zh-cn.php
[ info ] [ ROUTE ] array (
  'type' => 'module',
  'module' => 
  array (
    0 => 'favicon.ico',
    1 => NULL,
    2 => NULL,
  ),
)
[ info ] [ HEADER ] array (
  'accept-language' => 'zh-CN,zh;q=0.8',
  'accept-encoding' => 'gzip, deflate, sdch',
  'user-agent' => 'Mozilla/5.0 (Windows NT 6.1; WOW64) AppleWebKit/537.36 (KHTML, like Gecko) Chrome/55.0.2883.87 Safari/537.36',
  'connection' => 'close',
  'host' => 'shop.com',
)
[ info ] [ PARAM ] array (
  '/favicon_ico' => '',
)
[ info ] [ LOG ] INIT File

---------------------------------------------------------------
[ 2018-12-23T16:03:37+08:00 ] 127.0.0.1 127.0.0.1 GET /
[ log ] shop.com/ [运行时间：0.009001s][吞吐率：111.10req/s] [内存消耗：657.56kb] [文件加载：23]
[ info ] [ LANG ] C:\phpStudy\PHPTutorial\WWW\thinkphp\thinkphp\lang\zh-cn.php
[ info ] [ ROUTE ] array (
  'type' => 'module',
  'module' => 
  array (
    0 => '',
    1 => NULL,
    2 => NULL,
  ),
)
[ info ] [ HEADER ] array (
  'accept-language' => 'zh-CN,zh;q=0.8',
  'accept-encoding' => 'gzip, deflate, sdch',
  'accept' => 'text/html,application/xhtml+xml,application/xml;q=0.9,image/webp,*/*;q=0.8',
  'user-agent' => 'Mozilla/5.0 (Windows NT 6.1; WOW64) AppleWebKit/537.36 (KHTML, like Gecko) Chrome/55.0.2883.87 Safari/537.36',
  'upgrade-insecure-requests' => '1',
  'connection' => 'close',
  'host' => 'shop.com',
)
[ info ] [ PARAM ] array (
)
[ info ] [ RUN ] Class [ <user> class app\index\controller\Index ] {
  @@ C:\phpStudy\PHPTutorial\WWW\thinkphp\application\index\controller\Index.php 4-11

  - Constants [0] {
  }

  - Static properties [0] {
  }

  - Static methods [0] {
  }

  - Properties [0] {
  }

  - Methods [1] {
    Method [ <user> public method index ] {
      @@ C:\phpStudy\PHPTutorial\WWW\thinkphp\application\index\controller\Index.php 6 - 10
    }
  }
}

[ info ] [ RUN ] Method [ <user> public method index ] {
  @@ C:\phpStudy\PHPTutorial\WWW\thinkphp\application\index\controller\Index.php 6 - 10
}

[ info ] [ LOG ] INIT File

---------------------------------------------------------------
[ 2018-12-23T16:03:37+08:00 ] 127.0.0.1 127.0.0.1 GET /favicon.ico
[ log ] shop.com/favicon.ico [运行时间：0.015001s][吞吐率：66.66req/s] [内存消耗：709.73kb] [文件加载：26]
[ info ] [ LANG ] C:\phpStudy\PHPTutorial\WWW\thinkphp\thinkphp\lang\zh-cn.php
[ info ] [ ROUTE ] array (
  'type' => 'module',
  'module' => 
  array (
    0 => 'favicon.ico',
    1 => NULL,
    2 => NULL,
  ),
)
[ info ] [ HEADER ] array (
  'accept-language' => 'zh-CN,zh;q=0.8',
  'accept-encoding' => 'gzip, deflate, sdch',
  'referer' => 'http://shop.com/',
  'accept' => 'image/webp,image/*,*/*;q=0.8',
  'user-agent' => 'Mozilla/5.0 (Windows NT 6.1; WOW64) AppleWebKit/537.36 (KHTML, like Gecko) Chrome/55.0.2883.87 Safari/537.36',
  'connection' => 'close',
  'host' => 'shop.com',
)
[ info ] [ PARAM ] array (
  '/favicon_ico' => '',
)
[ info ] [ LOG ] INIT File

---------------------------------------------------------------
[ 2018-12-23T16:03:48+08:00 ] 127.0.0.1 127.0.0.1 GET /admin
[ log ] shop.com/admin [运行时间：0.023002s][吞吐率：43.47req/s] [内存消耗：1,090.22kb] [文件加载：37]
[ info ] [ LANG ] C:\phpStudy\PHPTutorial\WWW\thinkphp\thinkphp\lang\zh-cn.php
[ info ] [ ROUTE ] array (
  'type' => 'module',
  'module' => 
  array (
    0 => 'admin',
    1 => NULL,
    2 => NULL,
  ),
)
[ info ] [ HEADER ] array (
  'accept-language' => 'zh-CN,zh;q=0.8',
  'accept-encoding' => 'gzip, deflate, sdch',
  'accept' => 'text/html,application/xhtml+xml,application/xml;q=0.9,image/webp,*/*;q=0.8',
  'user-agent' => 'Mozilla/5.0 (Windows NT 6.1; WOW64) AppleWebKit/537.36 (KHTML, like Gecko) Chrome/55.0.2883.87 Safari/537.36',
  'upgrade-insecure-requests' => '1',
  'connection' => 'close',
  'host' => 'shop.com',
)
[ info ] [ PARAM ] array (
  '/admin' => '',
)
[ info ] [ RUN ] Class [ <user> class app\admin\controller\Index extends app\admin\controller\Common ] {
  @@ C:\phpStudy\PHPTutorial\WWW\thinkphp\application\admin\controller\Index.php 13-76

  - Constants [0] {
  }

  - Static properties [0] {
  }

  - Static methods [0] {
  }

  - Properties [5] {
    Property [ <default> protected $view ]
    Property [ <default> protected $request ]
    Property [ <default> protected $failException ]
    Property [ <default> protected $batchValidate ]
    Property [ <default> protected $beforeActionList ]
  }

  - Methods [19] {
    Method [ <user> public method index ] {
      @@ C:\phpStudy\PHPTutorial\WWW\thinkphp\application\admin\controller\Index.php 15 - 39
    }

    /**
     * 删除缓存
     * @author  <835173372@qq.com>
     */
    Method [ <user> public method removeRuntime ] {
      @@ C:\phpStudy\PHPTutorial\WWW\thinkphp\application\admin\controller\Index.php 44 - 54
    }

    Method [ <user> public method del_dir ] {
      @@ C:\phpStudy\PHPTutorial\WWW\thinkphp\application\admin\controller\Index.php 56 - 75

      - Parameters [1] {
        Parameter #0 [ <required> $dirName ]
      }
    }

    Method [ <user, inherits app\admin\controller\Common, prototype think\Controller> protected method _initialize ] {
      @@ C:\phpStudy\PHPTutorial\WWW\thinkphp\application\admin\controller\Common.php 23 - 46
    }

    Method [ <user, inherits app\admin\controller\Common> public method checkMenuAuth ] {
      @@ C:\phpStudy\PHPTutorial\WWW\thinkphp\application\admin\controller\Common.php 48 - 86
    }

    Method [ <user, inherits app\admin\controller\Common> protected method cou_error ] {
      @@ C:\phpStudy\PHPTutorial\WWW\thinkphp\application\admin\controller\Common.php 89 - 119

      - Parameters [5] {
        Parameter #0 [ <optional> $msg = '' ]
        Parameter #1 [ <optional> $url = NULL ]
        Parameter #2 [ <optional> $data = '' ]
        Parameter #3 [ <optional> $wait = 2 ]
        Parameter #4 [ <optional> array $header = Array ]
      }
    }

    /**
     * 架构函数
     * @param Request $request Request对象
     * @access public
     */
    Method [ <user, inherits think\Controller, ctor> public method __construct ] {
      @@ C:\phpStudy\PHPTutorial\WWW\thinkphp\thinkphp\library\think\Controller.php 44 - 63

      - Parameters [1] {
        Parameter #0 [ <optional> think\Request or NULL $request = NULL ]
      }
    }

    /**
     * 前置操作
     * @access protected
     * @param string $method  前置操作方法名
     * @param array  $options 调用参数 ['only'=>[...]] 或者['except'=>[...]]
     */
    Method [ <user, inherits think\Controller> protected method beforeAction ] {
      @@ C:\phpStudy\PHPTutorial\WWW\thinkphp\thinkphp\library\think\Controller.php 76 - 95

      - Parameters [2] {
        Parameter #0 [ <required> $method ]
        Parameter #1 [ <optional> $options = Array ]
      }
    }

    /**
     * 加载模板输出
     * @access protected
     * @param string $template 模板文件名
     * @param array  $vars     模板输出变量
     * @param array  $replace  模板替换
     * @param array  $config   模板参数
     * @return mixed
     */
    Method [ <user, inherits think\Controller> protected method fetch ] {
      @@ C:\phpStudy\PHPTutorial\WWW\thinkphp\thinkphp\library\think\Controller.php 106 - 109

      - Parameters [4] {
        Parameter #0 [ <optional> $template = '' ]
        Parameter #1 [ <optional> $vars = Array ]
        Parameter #2 [ <optional> $replace = Array ]
        Parameter #3 [ <optional> $config = Array ]
      }
    }

    /**
     * 渲染内容输出
     * @access protected
     * @param string $content 模板内容
     * @param array  $vars    模板输出变量
     * @param array  $replace 替换内容
     * @param array  $config  模板参数
     * @return mixed
     */
    Method [ <user, inherits think\Controller> protected method display ] {
      @@ C:\phpStudy\PHPTutorial\WWW\thinkphp\thinkphp\library\think\Controller.php 120 - 123

      - Parameters [4] {
        Parameter #0 [ <optional> $content = '' ]
        Parameter #1 [ <optional> $vars = Array ]
        Parameter #2 [ <optional> $replace = Array ]
        Parameter #3 [ <optional> $config = Array ]
      }
    }

    /**
     * 模板变量赋值
     * @access protected
     * @param mixed $name  要显示的模板变量
     * @param mixed $value 变量的值
     * @return void
     */
    Method [ <user, inherits think\Controller> protected method assign ] {
      @@ C:\phpStudy\PHPTutorial\WWW\thinkphp\thinkphp\library\think\Controller.php 132 - 135

      - Parameters [2] {
        Parameter #0 [ <required> $name ]
        Parameter #1 [ <optional> $value = '' ]
      }
    }

    /**
     * 初始化模板引擎
     * @access protected
     * @param array|string $engine 引擎参数
     * @return void
     */
    Method [ <user, inherits think\Controller> protected method engine ] {
      @@ C:\phpStudy\PHPTutorial\WWW\thinkphp\thinkphp\library\think\Controller.php 143 - 146

      - Parameters [1] {
        Parameter #0 [ <required> $engine ]
      }
    }

    /**
     * 设置验证失败后是否抛出异常
     * @access protected
     * @param bool $fail 是否抛出异常
     * @return $this
     */
    Method [ <user, inherits think\Controller> protected method validateFailException ] {
      @@ C:\phpStudy\PHPTutorial\WWW\thinkphp\thinkphp\library\think\Controller.php 154 - 158

      - Parameters [1] {
        Parameter #0 [ <optional> $fail = true ]
      }
    }

    /**
     * 验证数据
     * @access protected
     * @param array        $data     数据
     * @param string|array $validate 验证器名或者验证规则数组
     * @param array        $message  提示信息
     * @param bool         $batch    是否批量验证
     * @param mixed        $callback 回调方法（闭包）
     * @return array|string|true
     * @throws ValidateException
     */
    Method [ <user, inherits think\Controller> protected method validate ] {
      @@ C:\phpStudy\PHPTutorial\WWW\thinkphp\thinkphp\library\think\Controller.php 171 - 208

      - Parameters [5] {
        Parameter #0 [ <required> $data ]
        Parameter #1 [ <required> $validate ]
        Parameter #2 [ <optional> $message = Array ]
        Parameter #3 [ <optional> $batch = false ]
        Parameter #4 [ <optional> $callback = NULL ]
      }
    }

    /**
     * 操作成功跳转的快捷方法
     * @access protected
     * @param mixed     $msg 提示信息
     * @param string    $url 跳转的URL地址
     * @param mixed     $data 返回的数据
     * @param integer   $wait 跳转等待时间
     * @param array     $header 发送的Header信息
     * @return void
     */
    Method [ <user, inherits think\Controller> protected method success ] {
      @@ C:\phpStudy\PHPTutorial\WWW\thinkphp\thinkphp\library\traits\controller\Jump.php 37 - 64

      - Parameters [5] {
        Parameter #0 [ <optional> $msg = '' ]
        Parameter #1 [ <optional> $url = NULL ]
        Parameter #2 [ <optional> $data = '' ]
        Parameter #3 [ <optional> $wait = 2 ]
        Parameter #4 [ <optional> array $header = Array ]
      }
    }

    /**
     * 操作错误跳转的快捷方法
     * @access protected
     * @param mixed     $msg 提示信息
     * @param string    $url 跳转的URL地址
     * @param mixed     $data 返回的数据
     * @param integer   $wait 跳转等待时间
     * @param array     $header 发送的Header信息
     * @return void
     */
    Method [ <user, inherits think\Controller> protected method error ] {
      @@ C:\phpStudy\PHPTutorial\WWW\thinkphp\thinkphp\library\traits\controller\Jump.php 76 - 103

      - Parameters [5] {
        Parameter #0 [ <optional> $msg = '' ]
        Parameter #1 [ <optional> $url = NULL ]
        Parameter #2 [ <optional> $data = '' ]
        Parameter #3 [ <optional> $wait = 2 ]
        Parameter #4 [ <optional> array $header = Array ]
      }
    }

    /**
     * 返回封装后的API数据到客户端
     * @access protected
     * @param mixed     $data 要返回的数据
     * @param integer   $code 返回的code
     * @param mixed     $msg 提示信息
     * @param string    $type 返回数据格式
     * @param array     $header 发送的Header信息
     * @return void
     */
    Method [ <user, inherits think\Controller> protected method result ] {
      @@ C:\phpStudy\PHPTutorial\WWW\thinkphp\thinkphp\library\traits\controller\Jump.php 115 - 126

      - Parameters [5] {
        Parameter #0 [ <required> $data ]
        Parameter #1 [ <optional> $code = 0 ]
        Parameter #2 [ <optional> $msg = '' ]
        Parameter #3 [ <optional> $type = '' ]
        Parameter #4 [ <optional> array $header = Array ]
      }
    }

    /**
     * URL重定向
     * @access protected
     * @param string         $url 跳转的URL表达式
     * @param array|integer  $params 其它URL参数
     * @param integer        $code http code
     * @return void
     */
    Method [ <user, inherits think\Controller> protected method redirect ] {
      @@ C:\phpStudy\PHPTutorial\WWW\thinkphp\thinkphp\library\traits\controller\Jump.php 136 - 145

      - Parameters [3] {
        Parameter #0 [ <required> $url ]
        Parameter #1 [ <optional> $params = Array ]
        Parameter #2 [ <optional> $code = 302 ]
      }
    }

    /**
     * 获取当前的response 输出类型
     * @access protected
     * @return string
     */
    Method [ <user, inherits think\Controller> protected method getResponseType ] {
      @@ C:\phpStudy\PHPTutorial\WWW\thinkphp\thinkphp\library\traits\controller\Jump.php 152 - 156
    }
  }
}

[ info ] [ SESSION ] INIT array (
  'id' => '',
  'var_session_id' => '',
  'prefix' => 'think',
  'type' => '',
  'auto_start' => true,
)
[ info ] [ LOG ] INIT File

---------------------------------------------------------------
[ 2018-12-23T16:03:49+08:00 ] 127.0.0.1 127.0.0.1 GET /admin/login/index.html
[ log ] shop.com/admin/login/index.html [运行时间：0.017001s][吞吐率：58.82req/s] [内存消耗：1,208.05kb] [文件加载：38]
[ info ] [ LANG ] C:\phpStudy\PHPTutorial\WWW\thinkphp\thinkphp\lang\zh-cn.php
[ info ] [ ROUTE ] array (
  'type' => 'module',
  'module' => 
  array (
    0 => 'admin',
    1 => 'login',
    2 => 'index',
  ),
)
[ info ] [ HEADER ] array (
  'cookie' => 'PHPSESSID=8e5sa3htl57fiptg9n4mqovvcu',
  'connection' => 'close',
  'host' => 'shop.com',
  'accept-encoding' => 'gzip, deflate',
  'user-agent' => 'Mozilla/5.0 (Windows NT 6.1; WOW64; Trident/7.0; rv:11.0) like Gecko',
  'accept-language' => 'zh-CN',
  'accept' => 'text/html, application/xhtml+xml, */*',
)
[ info ] [ PARAM ] array (
  '/admin/login/index_html' => '',
)
[ info ] [ RUN ] Class [ <user> class app\admin\controller\Login extends think\Controller ] {
  @@ C:\phpStudy\PHPTutorial\WWW\thinkphp\application\admin\controller\Login.php 16-71

  - Constants [0] {
  }

  - Static properties [0] {
  }

  - Static methods [0] {
  }

  - Properties [5] {
    Property [ <default> protected $view ]
    Property [ <default> protected $request ]
    Property [ <default> protected $failException ]
    Property [ <default> protected $batchValidate ]
    Property [ <default> protected $beforeActionList ]
  }

  - Methods [17] {
    Method [ <user> public method index ] {
      @@ C:\phpStudy\PHPTutorial\WWW\thinkphp\application\admin\controller\Login.php 18 - 32
    }

    Method [ <user> public method logout ] {
      @@ C:\phpStudy\PHPTutorial\WWW\thinkphp\application\admin\controller\Login.php 34 - 38
    }

    /**
     * 用户登录
     * @author  <835173372@qq.com>
     */
    Method [ <user> public method login ] {
      @@ C:\phpStudy\PHPTutorial\WWW\thinkphp\application\admin\controller\Login.php 44 - 70

      - Parameters [3] {
        Parameter #0 [ <required> $username ]
        Parameter #1 [ <required> $password ]
        Parameter #2 [ <optional> $map = Array ]
      }
    }

    /**
     * 架构函数
     * @param Request $request Request对象
     * @access public
     */
    Method [ <user, inherits think\Controller, ctor> public method __construct ] {
      @@ C:\phpStudy\PHPTutorial\WWW\thinkphp\thinkphp\library\think\Controller.php 44 - 63

      - Parameters [1] {
        Parameter #0 [ <optional> think\Request or NULL $request = NULL ]
      }
    }

    Method [ <user, inherits think\Controller> protected method _initialize ] {
      @@ C:\phpStudy\PHPTutorial\WWW\thinkphp\thinkphp\library\think\Controller.php 66 - 68
    }

    /**
     * 前置操作
     * @access protected
     * @param string $method  前置操作方法名
     * @param array  $options 调用参数 ['only'=>[...]] 或者['except'=>[...]]
     */
    Method [ <user, inherits think\Controller> protected method beforeAction ] {
      @@ C:\phpStudy\PHPTutorial\WWW\thinkphp\thinkphp\library\think\Controller.php 76 - 95

      - Parameters [2] {
        Parameter #0 [ <required> $method ]
        Parameter #1 [ <optional> $options = Array ]
      }
    }

    /**
     * 加载模板输出
     * @access protected
     * @param string $template 模板文件名
     * @param array  $vars     模板输出变量
     * @param array  $replace  模板替换
     * @param array  $config   模板参数
     * @return mixed
     */
    Method [ <user, inherits think\Controller> protected method fetch ] {
      @@ C:\phpStudy\PHPTutorial\WWW\thinkphp\thinkphp\library\think\Controller.php 106 - 109

      - Parameters [4] {
        Parameter #0 [ <optional> $template = '' ]
        Parameter #1 [ <optional> $vars = Array ]
        Parameter #2 [ <optional> $replace = Array ]
        Parameter #3 [ <optional> $config = Array ]
      }
    }

    /**
     * 渲染内容输出
     * @access protected
     * @param string $content 模板内容
     * @param array  $vars    模板输出变量
     * @param array  $replace 替换内容
     * @param array  $config  模板参数
     * @return mixed
     */
    Method [ <user, inherits think\Controller> protected method display ] {
      @@ C:\phpStudy\PHPTutorial\WWW\thinkphp\thinkphp\library\think\Controller.php 120 - 123

      - Parameters [4] {
        Parameter #0 [ <optional> $content = '' ]
        Parameter #1 [ <optional> $vars = Array ]
        Parameter #2 [ <optional> $replace = Array ]
        Parameter #3 [ <optional> $config = Array ]
      }
    }

    /**
     * 模板变量赋值
     * @access protected
     * @param mixed $name  要显示的模板变量
     * @param mixed $value 变量的值
     * @return void
     */
    Method [ <user, inherits think\Controller> protected method assign ] {
      @@ C:\phpStudy\PHPTutorial\WWW\thinkphp\thinkphp\library\think\Controller.php 132 - 135

      - Parameters [2] {
        Parameter #0 [ <required> $name ]
        Parameter #1 [ <optional> $value = '' ]
      }
    }

    /**
     * 初始化模板引擎
     * @access protected
     * @param array|string $engine 引擎参数
     * @return void
     */
    Method [ <user, inherits think\Controller> protected method engine ] {
      @@ C:\phpStudy\PHPTutorial\WWW\thinkphp\thinkphp\library\think\Controller.php 143 - 146

      - Parameters [1] {
        Parameter #0 [ <required> $engine ]
      }
    }

    /**
     * 设置验证失败后是否抛出异常
     * @access protected
     * @param bool $fail 是否抛出异常
     * @return $this
     */
    Method [ <user, inherits think\Controller> protected method validateFailException ] {
      @@ C:\phpStudy\PHPTutorial\WWW\thinkphp\thinkphp\library\think\Controller.php 154 - 158

      - Parameters [1] {
        Parameter #0 [ <optional> $fail = true ]
      }
    }

    /**
     * 验证数据
     * @access protected
     * @param array        $data     数据
     * @param string|array $validate 验证器名或者验证规则数组
     * @param array        $message  提示信息
     * @param bool         $batch    是否批量验证
     * @param mixed        $callback 回调方法（闭包）
     * @return array|string|true
     * @throws ValidateException
     */
    Method [ <user, inherits think\Controller> protected method validate ] {
      @@ C:\phpStudy\PHPTutorial\WWW\thinkphp\thinkphp\library\think\Controller.php 171 - 208

      - Parameters [5] {
        Parameter #0 [ <required> $data ]
        Parameter #1 [ <required> $validate ]
        Parameter #2 [ <optional> $message = Array ]
        Parameter #3 [ <optional> $batch = false ]
        Parameter #4 [ <optional> $callback = NULL ]
      }
    }

    /**
     * 操作成功跳转的快捷方法
     * @access protected
     * @param mixed     $msg 提示信息
     * @param string    $url 跳转的URL地址
     * @param mixed     $data 返回的数据
     * @param integer   $wait 跳转等待时间
     * @param array     $header 发送的Header信息
     * @return void
     */
    Method [ <user, inherits think\Controller> protected method success ] {
      @@ C:\phpStudy\PHPTutorial\WWW\thinkphp\thinkphp\library\traits\controller\Jump.php 37 - 64

      - Parameters [5] {
        Parameter #0 [ <optional> $msg = '' ]
        Parameter #1 [ <optional> $url = NULL ]
        Parameter #2 [ <optional> $data = '' ]
        Parameter #3 [ <optional> $wait = 2 ]
        Parameter #4 [ <optional> array $header = Array ]
      }
    }

    /**
     * 操作错误跳转的快捷方法
     * @access protected
     * @param mixed     $msg 提示信息
     * @param string    $url 跳转的URL地址
     * @param mixed     $data 返回的数据
     * @param integer   $wait 跳转等待时间
     * @param array     $header 发送的Header信息
     * @return void
     */
    Method [ <user, inherits think\Controller> protected method error ] {
      @@ C:\phpStudy\PHPTutorial\WWW\thinkphp\thinkphp\library\traits\controller\Jump.php 76 - 103

      - Parameters [5] {
        Parameter #0 [ <optional> $msg = '' ]
        Parameter #1 [ <optional> $url = NULL ]
        Parameter #2 [ <optional> $data = '' ]
        Parameter #3 [ <optional> $wait = 2 ]
        Parameter #4 [ <optional> array $header = Array ]
      }
    }

    /**
     * 返回封装后的API数据到客户端
     * @access protected
     * @param mixed     $data 要返回的数据
     * @param integer   $code 返回的code
     * @param mixed     $msg 提示信息
     * @param string    $type 返回数据格式
     * @param array     $header 发送的Header信息
     * @return void
     */
    Method [ <user, inherits think\Controller> protected method result ] {
      @@ C:\phpStudy\PHPTutorial\WWW\thinkphp\thinkphp\library\traits\controller\Jump.php 115 - 126

      - Parameters [5] {
        Parameter #0 [ <required> $data ]
        Parameter #1 [ <optional> $code = 0 ]
        Parameter #2 [ <optional> $msg = '' ]
        Parameter #3 [ <optional> $type = '' ]
        Parameter #4 [ <optional> array $header = Array ]
      }
    }

    /**
     * URL重定向
     * @access protected
     * @param string         $url 跳转的URL表达式
     * @param array|integer  $params 其它URL参数
     * @param integer        $code http code
     * @return void
     */
    Method [ <user, inherits think\Controller> protected method redirect ] {
      @@ C:\phpStudy\PHPTutorial\WWW\thinkphp\thinkphp\library\traits\controller\Jump.php 136 - 145

      - Parameters [3] {
        Parameter #0 [ <required> $url ]
        Parameter #1 [ <optional> $params = Array ]
        Parameter #2 [ <optional> $code = 302 ]
      }
    }

    /**
     * 获取当前的response 输出类型
     * @access protected
     * @return string
     */
    Method [ <user, inherits think\Controller> protected method getResponseType ] {
      @@ C:\phpStudy\PHPTutorial\WWW\thinkphp\thinkphp\library\traits\controller\Jump.php 152 - 156
    }
  }
}

[ info ] [ RUN ] Method [ <user> public method index ] {
  @@ C:\phpStudy\PHPTutorial\WWW\thinkphp\application\admin\controller\Login.php 18 - 32
}

[ info ] [ SESSION ] INIT array (
  'id' => '',
  'var_session_id' => '',
  'prefix' => 'think',
  'type' => '',
  'auto_start' => true,
)
[ info ] [ VIEW ] C:\phpStudy\PHPTutorial\WWW\thinkphp\public/../application/admin\view\login\index.html [ array (
) ]
[ info ] [ LOG ] INIT File

---------------------------------------------------------------
[ 2018-12-23T16:03:50+08:00 ] 127.0.0.1 127.0.0.1 GET /static/assets/css/public/static/assets/images/logo.6837e927.png
[ log ] shop.com/static/assets/css/public/static/assets/images/logo.6837e927.png [运行时间：0.012001s][吞吐率：83.33req/s] [内存消耗：710.33kb] [文件加载：26]
[ info ] [ LANG ] C:\phpStudy\PHPTutorial\WWW\thinkphp\thinkphp\lang\zh-cn.php
[ info ] [ ROUTE ] array (
  'type' => 'module',
  'module' => 
  array (
    0 => 'static',
    1 => 'assets',
    2 => 'css',
  ),
)
[ info ] [ HEADER ] array (
  'cookie' => 'PHPSESSID=8e5sa3htl57fiptg9n4mqovvcu',
  'connection' => 'close',
  'host' => 'shop.com',
  'accept-encoding' => 'gzip, deflate',
  'user-agent' => 'Mozilla/5.0 (Windows NT 6.1; WOW64; Trident/7.0; rv:11.0) like Gecko',
  'accept-language' => 'zh-CN',
  'referer' => 'http://shop.com/admin/login/index.html',
  'accept' => 'image/png, image/svg+xml, image/*;q=0.8, */*;q=0.5',
)
[ info ] [ PARAM ] array (
  '/static/assets/css/public/static/assets/images/logo_6837e927_png' => '',
  'public' => 'static',
  'assets' => 'images',
)
[ info ] [ LOG ] INIT File

---------------------------------------------------------------
[ 2018-12-23T16:03:50+08:00 ] 127.0.0.1 127.0.0.1 GET /admin/login/index.html
[ log ] shop.com/admin/login/index.html [运行时间：0.016001s][吞吐率：62.50req/s] [内存消耗：1,082.41kb] [文件加载：36]
[ info ] [ LANG ] C:\phpStudy\PHPTutorial\WWW\thinkphp\thinkphp\lang\zh-cn.php
[ info ] [ ROUTE ] array (
  'type' => 'module',
  'module' => 
  array (
    0 => 'admin',
    1 => 'login',
    2 => 'index',
  ),
)
[ info ] [ HEADER ] array (
  'cookie' => 'PHPSESSID=8e5sa3htl57fiptg9n4mqovvcu',
  'accept-language' => 'zh-CN,zh;q=0.8',
  'accept-encoding' => 'gzip, deflate, sdch',
  'accept' => 'text/html,application/xhtml+xml,application/xml;q=0.9,image/webp,*/*;q=0.8',
  'user-agent' => 'Mozilla/5.0 (Windows NT 6.1; WOW64) AppleWebKit/537.36 (KHTML, like Gecko) Chrome/55.0.2883.87 Safari/537.36',
  'upgrade-insecure-requests' => '1',
  'connection' => 'close',
  'host' => 'shop.com',
)
[ info ] [ PARAM ] array (
  '/admin/login/index_html' => '',
)
[ info ] [ RUN ] Class [ <user> class app\admin\controller\Login extends think\Controller ] {
  @@ C:\phpStudy\PHPTutorial\WWW\thinkphp\application\admin\controller\Login.php 16-71

  - Constants [0] {
  }

  - Static properties [0] {
  }

  - Static methods [0] {
  }

  - Properties [5] {
    Property [ <default> protected $view ]
    Property [ <default> protected $request ]
    Property [ <default> protected $failException ]
    Property [ <default> protected $batchValidate ]
    Property [ <default> protected $beforeActionList ]
  }

  - Methods [17] {
    Method [ <user> public method index ] {
      @@ C:\phpStudy\PHPTutorial\WWW\thinkphp\application\admin\controller\Login.php 18 - 32
    }

    Method [ <user> public method logout ] {
      @@ C:\phpStudy\PHPTutorial\WWW\thinkphp\application\admin\controller\Login.php 34 - 38
    }

    /**
     * 用户登录
     * @author  <835173372@qq.com>
     */
    Method [ <user> public method login ] {
      @@ C:\phpStudy\PHPTutorial\WWW\thinkphp\application\admin\controller\Login.php 44 - 70

      - Parameters [3] {
        Parameter #0 [ <required> $username ]
        Parameter #1 [ <required> $password ]
        Parameter #2 [ <optional> $map = Array ]
      }
    }

    /**
     * 架构函数
     * @param Request $request Request对象
     * @access public
     */
    Method [ <user, inherits think\Controller, ctor> public method __construct ] {
      @@ C:\phpStudy\PHPTutorial\WWW\thinkphp\thinkphp\library\think\Controller.php 44 - 63

      - Parameters [1] {
        Parameter #0 [ <optional> think\Request or NULL $request = NULL ]
      }
    }

    Method [ <user, inherits think\Controller> protected method _initialize ] {
      @@ C:\phpStudy\PHPTutorial\WWW\thinkphp\thinkphp\library\think\Controller.php 66 - 68
    }

    /**
     * 前置操作
     * @access protected
     * @param string $method  前置操作方法名
     * @param array  $options 调用参数 ['only'=>[...]] 或者['except'=>[...]]
     */
    Method [ <user, inherits think\Controller> protected method beforeAction ] {
      @@ C:\phpStudy\PHPTutorial\WWW\thinkphp\thinkphp\library\think\Controller.php 76 - 95

      - Parameters [2] {
        Parameter #0 [ <required> $method ]
        Parameter #1 [ <optional> $options = Array ]
      }
    }

    /**
     * 加载模板输出
     * @access protected
     * @param string $template 模板文件名
     * @param array  $vars     模板输出变量
     * @param array  $replace  模板替换
     * @param array  $config   模板参数
     * @return mixed
     */
    Method [ <user, inherits think\Controller> protected method fetch ] {
      @@ C:\phpStudy\PHPTutorial\WWW\thinkphp\thinkphp\library\think\Controller.php 106 - 109

      - Parameters [4] {
        Parameter #0 [ <optional> $template = '' ]
        Parameter #1 [ <optional> $vars = Array ]
        Parameter #2 [ <optional> $replace = Array ]
        Parameter #3 [ <optional> $config = Array ]
      }
    }

    /**
     * 渲染内容输出
     * @access protected
     * @param string $content 模板内容
     * @param array  $vars    模板输出变量
     * @param array  $replace 替换内容
     * @param array  $config  模板参数
     * @return mixed
     */
    Method [ <user, inherits think\Controller> protected method display ] {
      @@ C:\phpStudy\PHPTutorial\WWW\thinkphp\thinkphp\library\think\Controller.php 120 - 123

      - Parameters [4] {
        Parameter #0 [ <optional> $content = '' ]
        Parameter #1 [ <optional> $vars = Array ]
        Parameter #2 [ <optional> $replace = Array ]
        Parameter #3 [ <optional> $config = Array ]
      }
    }

    /**
     * 模板变量赋值
     * @access protected
     * @param mixed $name  要显示的模板变量
     * @param mixed $value 变量的值
     * @return void
     */
    Method [ <user, inherits think\Controller> protected method assign ] {
      @@ C:\phpStudy\PHPTutorial\WWW\thinkphp\thinkphp\library\think\Controller.php 132 - 135

      - Parameters [2] {
        Parameter #0 [ <required> $name ]
        Parameter #1 [ <optional> $value = '' ]
      }
    }

    /**
     * 初始化模板引擎
     * @access protected
     * @param array|string $engine 引擎参数
     * @return void
     */
    Method [ <user, inherits think\Controller> protected method engine ] {
      @@ C:\phpStudy\PHPTutorial\WWW\thinkphp\thinkphp\library\think\Controller.php 143 - 146

      - Parameters [1] {
        Parameter #0 [ <required> $engine ]
      }
    }

    /**
     * 设置验证失败后是否抛出异常
     * @access protected
     * @param bool $fail 是否抛出异常
     * @return $this
     */
    Method [ <user, inherits think\Controller> protected method validateFailException ] {
      @@ C:\phpStudy\PHPTutorial\WWW\thinkphp\thinkphp\library\think\Controller.php 154 - 158

      - Parameters [1] {
        Parameter #0 [ <optional> $fail = true ]
      }
    }

    /**
     * 验证数据
     * @access protected
     * @param array        $data     数据
     * @param string|array $validate 验证器名或者验证规则数组
     * @param array        $message  提示信息
     * @param bool         $batch    是否批量验证
     * @param mixed        $callback 回调方法（闭包）
     * @return array|string|true
     * @throws ValidateException
     */
    Method [ <user, inherits think\Controller> protected method validate ] {
      @@ C:\phpStudy\PHPTutorial\WWW\thinkphp\thinkphp\library\think\Controller.php 171 - 208

      - Parameters [5] {
        Parameter #0 [ <required> $data ]
        Parameter #1 [ <required> $validate ]
        Parameter #2 [ <optional> $message = Array ]
        Parameter #3 [ <optional> $batch = false ]
        Parameter #4 [ <optional> $callback = NULL ]
      }
    }

    /**
     * 操作成功跳转的快捷方法
     * @access protected
     * @param mixed     $msg 提示信息
     * @param string    $url 跳转的URL地址
     * @param mixed     $data 返回的数据
     * @param integer   $wait 跳转等待时间
     * @param array     $header 发送的Header信息
     * @return void
     */
    Method [ <user, inherits think\Controller> protected method success ] {
      @@ C:\phpStudy\PHPTutorial\WWW\thinkphp\thinkphp\library\traits\controller\Jump.php 37 - 64

      - Parameters [5] {
        Parameter #0 [ <optional> $msg = '' ]
        Parameter #1 [ <optional> $url = NULL ]
        Parameter #2 [ <optional> $data = '' ]
        Parameter #3 [ <optional> $wait = 2 ]
        Parameter #4 [ <optional> array $header = Array ]
      }
    }

    /**
     * 操作错误跳转的快捷方法
     * @access protected
     * @param mixed     $msg 提示信息
     * @param string    $url 跳转的URL地址
     * @param mixed     $data 返回的数据
     * @param integer   $wait 跳转等待时间
     * @param array     $header 发送的Header信息
     * @return void
     */
    Method [ <user, inherits think\Controller> protected method error ] {
      @@ C:\phpStudy\PHPTutorial\WWW\thinkphp\thinkphp\library\traits\controller\Jump.php 76 - 103

      - Parameters [5] {
        Parameter #0 [ <optional> $msg = '' ]
        Parameter #1 [ <optional> $url = NULL ]
        Parameter #2 [ <optional> $data = '' ]
        Parameter #3 [ <optional> $wait = 2 ]
        Parameter #4 [ <optional> array $header = Array ]
      }
    }

    /**
     * 返回封装后的API数据到客户端
     * @access protected
     * @param mixed     $data 要返回的数据
     * @param integer   $code 返回的code
     * @param mixed     $msg 提示信息
     * @param string    $type 返回数据格式
     * @param array     $header 发送的Header信息
     * @return void
     */
    Method [ <user, inherits think\Controller> protected method result ] {
      @@ C:\phpStudy\PHPTutorial\WWW\thinkphp\thinkphp\library\traits\controller\Jump.php 115 - 126

      - Parameters [5] {
        Parameter #0 [ <required> $data ]
        Parameter #1 [ <optional> $code = 0 ]
        Parameter #2 [ <optional> $msg = '' ]
        Parameter #3 [ <optional> $type = '' ]
        Parameter #4 [ <optional> array $header = Array ]
      }
    }

    /**
     * URL重定向
     * @access protected
     * @param string         $url 跳转的URL表达式
     * @param array|integer  $params 其它URL参数
     * @param integer        $code http code
     * @return void
     */
    Method [ <user, inherits think\Controller> protected method redirect ] {
      @@ C:\phpStudy\PHPTutorial\WWW\thinkphp\thinkphp\library\traits\controller\Jump.php 136 - 145

      - Parameters [3] {
        Parameter #0 [ <required> $url ]
        Parameter #1 [ <optional> $params = Array ]
        Parameter #2 [ <optional> $code = 302 ]
      }
    }

    /**
     * 获取当前的response 输出类型
     * @access protected
     * @return string
     */
    Method [ <user, inherits think\Controller> protected method getResponseType ] {
      @@ C:\phpStudy\PHPTutorial\WWW\thinkphp\thinkphp\library\traits\controller\Jump.php 152 - 156
    }
  }
}

[ info ] [ RUN ] Method [ <user> public method index ] {
  @@ C:\phpStudy\PHPTutorial\WWW\thinkphp\application\admin\controller\Login.php 18 - 32
}

[ info ] [ SESSION ] INIT array (
  'id' => '',
  'var_session_id' => '',
  'prefix' => 'think',
  'type' => '',
  'auto_start' => true,
)
[ info ] [ VIEW ] C:\phpStudy\PHPTutorial\WWW\thinkphp\public/../application/admin\view\login\index.html [ array (
) ]
[ info ] [ LOG ] INIT File

---------------------------------------------------------------
[ 2018-12-23T16:03:50+08:00 ] 127.0.0.1 127.0.0.1 GET /static/assets/css/public/static/assets/images/logo.6837e927.png
[ log ] shop.com/static/assets/css/public/static/assets/images/logo.6837e927.png [运行时间：0.010000s][吞吐率：100.00req/s] [内存消耗：710.39kb] [文件加载：26]
[ info ] [ LANG ] C:\phpStudy\PHPTutorial\WWW\thinkphp\thinkphp\lang\zh-cn.php
[ info ] [ ROUTE ] array (
  'type' => 'module',
  'module' => 
  array (
    0 => 'static',
    1 => 'assets',
    2 => 'css',
  ),
)
[ info ] [ HEADER ] array (
  'cookie' => 'PHPSESSID=8e5sa3htl57fiptg9n4mqovvcu',
  'accept-language' => 'zh-CN,zh;q=0.8',
  'accept-encoding' => 'gzip, deflate, sdch',
  'referer' => 'http://shop.com/static/assets/css/login.css',
  'accept' => 'image/webp,image/*,*/*;q=0.8',
  'user-agent' => 'Mozilla/5.0 (Windows NT 6.1; WOW64) AppleWebKit/537.36 (KHTML, like Gecko) Chrome/55.0.2883.87 Safari/537.36',
  'connection' => 'close',
  'host' => 'shop.com',
)
[ info ] [ PARAM ] array (
  '/static/assets/css/public/static/assets/images/logo_6837e927_png' => '',
  'public' => 'static',
  'assets' => 'images',
)
[ info ] [ LOG ] INIT File

---------------------------------------------------------------
[ 2018-12-23T16:03:55+08:00 ] 127.0.0.1 127.0.0.1 POST /admin/login/index.html
[ log ] shop.com/admin/login/index.html [运行时间：0.039003s][吞吐率：25.64req/s] [内存消耗：1,523.86kb] [文件加载：41]
[ info ] [ LANG ] C:\phpStudy\PHPTutorial\WWW\thinkphp\thinkphp\lang\zh-cn.php
[ info ] [ ROUTE ] array (
  'type' => 'module',
  'module' => 
  array (
    0 => 'admin',
    1 => 'login',
    2 => 'index',
  ),
)
[ info ] [ HEADER ] array (
  'cookie' => 'PHPSESSID=8e5sa3htl57fiptg9n4mqovvcu',
  'accept-language' => 'zh-CN,zh;q=0.8',
  'accept-encoding' => 'gzip, deflate',
  'referer' => 'http://shop.com/admin/login/index.html',
  'accept' => 'text/html,application/xhtml+xml,application/xml;q=0.9,image/webp,*/*;q=0.8',
  'user-agent' => 'Mozilla/5.0 (Windows NT 6.1; WOW64) AppleWebKit/537.36 (KHTML, like Gecko) Chrome/55.0.2883.87 Safari/537.36',
  'upgrade-insecure-requests' => '1',
  'origin' => 'http://shop.com',
  'cache-control' => 'max-age=0',
  'connection' => 'close',
  'host' => 'shop.com',
  'content-type' => 'application/x-www-form-urlencoded',
  'content-length' => '44',
)
[ info ] [ PARAM ] array (
  '/admin/login/index_html' => '',
  'username' => 'admin',
  'password' => 'admin',
  'remember-me' => 'on',
)
[ info ] [ RUN ] Class [ <user> class app\admin\controller\Login extends think\Controller ] {
  @@ C:\phpStudy\PHPTutorial\WWW\thinkphp\application\admin\controller\Login.php 16-71

  - Constants [0] {
  }

  - Static properties [0] {
  }

  - Static methods [0] {
  }

  - Properties [5] {
    Property [ <default> protected $view ]
    Property [ <default> protected $request ]
    Property [ <default> protected $failException ]
    Property [ <default> protected $batchValidate ]
    Property [ <default> protected $beforeActionList ]
  }

  - Methods [17] {
    Method [ <user> public method index ] {
      @@ C:\phpStudy\PHPTutorial\WWW\thinkphp\application\admin\controller\Login.php 18 - 32
    }

    Method [ <user> public method logout ] {
      @@ C:\phpStudy\PHPTutorial\WWW\thinkphp\application\admin\controller\Login.php 34 - 38
    }

    /**
     * 用户登录
     * @author  <835173372@qq.com>
     */
    Method [ <user> public method login ] {
      @@ C:\phpStudy\PHPTutorial\WWW\thinkphp\application\admin\controller\Login.php 44 - 70

      - Parameters [3] {
        Parameter #0 [ <required> $username ]
        Parameter #1 [ <required> $password ]
        Parameter #2 [ <optional> $map = Array ]
      }
    }

    /**
     * 架构函数
     * @param Request $request Request对象
     * @access public
     */
    Method [ <user, inherits think\Controller, ctor> public method __construct ] {
      @@ C:\phpStudy\PHPTutorial\WWW\thinkphp\thinkphp\library\think\Controller.php 44 - 63

      - Parameters [1] {
        Parameter #0 [ <optional> think\Request or NULL $request = NULL ]
      }
    }

    Method [ <user, inherits think\Controller> protected method _initialize ] {
      @@ C:\phpStudy\PHPTutorial\WWW\thinkphp\thinkphp\library\think\Controller.php 66 - 68
    }

    /**
     * 前置操作
     * @access protected
     * @param string $method  前置操作方法名
     * @param array  $options 调用参数 ['only'=>[...]] 或者['except'=>[...]]
     */
    Method [ <user, inherits think\Controller> protected method beforeAction ] {
      @@ C:\phpStudy\PHPTutorial\WWW\thinkphp\thinkphp\library\think\Controller.php 76 - 95

      - Parameters [2] {
        Parameter #0 [ <required> $method ]
        Parameter #1 [ <optional> $options = Array ]
      }
    }

    /**
     * 加载模板输出
     * @access protected
     * @param string $template 模板文件名
     * @param array  $vars     模板输出变量
     * @param array  $replace  模板替换
     * @param array  $config   模板参数
     * @return mixed
     */
    Method [ <user, inherits think\Controller> protected method fetch ] {
      @@ C:\phpStudy\PHPTutorial\WWW\thinkphp\thinkphp\library\think\Controller.php 106 - 109

      - Parameters [4] {
        Parameter #0 [ <optional> $template = '' ]
        Parameter #1 [ <optional> $vars = Array ]
        Parameter #2 [ <optional> $replace = Array ]
        Parameter #3 [ <optional> $config = Array ]
      }
    }

    /**
     * 渲染内容输出
     * @access protected
     * @param string $content 模板内容
     * @param array  $vars    模板输出变量
     * @param array  $replace 替换内容
     * @param array  $config  模板参数
     * @return mixed
     */
    Method [ <user, inherits think\Controller> protected method display ] {
      @@ C:\phpStudy\PHPTutorial\WWW\thinkphp\thinkphp\library\think\Controller.php 120 - 123

      - Parameters [4] {
        Parameter #0 [ <optional> $content = '' ]
        Parameter #1 [ <optional> $vars = Array ]
        Parameter #2 [ <optional> $replace = Array ]
        Parameter #3 [ <optional> $config = Array ]
      }
    }

    /**
     * 模板变量赋值
     * @access protected
     * @param mixed $name  要显示的模板变量
     * @param mixed $value 变量的值
     * @return void
     */
    Method [ <user, inherits think\Controller> protected method assign ] {
      @@ C:\phpStudy\PHPTutorial\WWW\thinkphp\thinkphp\library\think\Controller.php 132 - 135

      - Parameters [2] {
        Parameter #0 [ <required> $name ]
        Parameter #1 [ <optional> $value = '' ]
      }
    }

    /**
     * 初始化模板引擎
     * @access protected
     * @param array|string $engine 引擎参数
     * @return void
     */
    Method [ <user, inherits think\Controller> protected method engine ] {
      @@ C:\phpStudy\PHPTutorial\WWW\thinkphp\thinkphp\library\think\Controller.php 143 - 146

      - Parameters [1] {
        Parameter #0 [ <required> $engine ]
      }
    }

    /**
     * 设置验证失败后是否抛出异常
     * @access protected
     * @param bool $fail 是否抛出异常
     * @return $this
     */
    Method [ <user, inherits think\Controller> protected method validateFailException ] {
      @@ C:\phpStudy\PHPTutorial\WWW\thinkphp\thinkphp\library\think\Controller.php 154 - 158

      - Parameters [1] {
        Parameter #0 [ <optional> $fail = true ]
      }
    }

    /**
     * 验证数据
     * @access protected
     * @param array        $data     数据
     * @param string|array $validate 验证器名或者验证规则数组
     * @param array        $message  提示信息
     * @param bool         $batch    是否批量验证
     * @param mixed        $callback 回调方法（闭包）
     * @return array|string|true
     * @throws ValidateException
     */
    Method [ <user, inherits think\Controller> protected method validate ] {
      @@ C:\phpStudy\PHPTutorial\WWW\thinkphp\thinkphp\library\think\Controller.php 171 - 208

      - Parameters [5] {
        Parameter #0 [ <required> $data ]
        Parameter #1 [ <required> $validate ]
        Parameter #2 [ <optional> $message = Array ]
        Parameter #3 [ <optional> $batch = false ]
        Parameter #4 [ <optional> $callback = NULL ]
      }
    }

    /**
     * 操作成功跳转的快捷方法
     * @access protected
     * @param mixed     $msg 提示信息
     * @param string    $url 跳转的URL地址
     * @param mixed     $data 返回的数据
     * @param integer   $wait 跳转等待时间
     * @param array     $header 发送的Header信息
     * @return void
     */
    Method [ <user, inherits think\Controller> protected method success ] {
      @@ C:\phpStudy\PHPTutorial\WWW\thinkphp\thinkphp\library\traits\controller\Jump.php 37 - 64

      - Parameters [5] {
        Parameter #0 [ <optional> $msg = '' ]
        Parameter #1 [ <optional> $url = NULL ]
        Parameter #2 [ <optional> $data = '' ]
        Parameter #3 [ <optional> $wait = 2 ]
        Parameter #4 [ <optional> array $header = Array ]
      }
    }

    /**
     * 操作错误跳转的快捷方法
     * @access protected
     * @param mixed     $msg 提示信息
     * @param string    $url 跳转的URL地址
     * @param mixed     $data 返回的数据
     * @param integer   $wait 跳转等待时间
     * @param array     $header 发送的Header信息
     * @return void
     */
    Method [ <user, inherits think\Controller> protected method error ] {
      @@ C:\phpStudy\PHPTutorial\WWW\thinkphp\thinkphp\library\traits\controller\Jump.php 76 - 103

      - Parameters [5] {
        Parameter #0 [ <optional> $msg = '' ]
        Parameter #1 [ <optional> $url = NULL ]
        Parameter #2 [ <optional> $data = '' ]
        Parameter #3 [ <optional> $wait = 2 ]
        Parameter #4 [ <optional> array $header = Array ]
      }
    }

    /**
     * 返回封装后的API数据到客户端
     * @access protected
     * @param mixed     $data 要返回的数据
     * @param integer   $code 返回的code
     * @param mixed     $msg 提示信息
     * @param string    $type 返回数据格式
     * @param array     $header 发送的Header信息
     * @return void
     */
    Method [ <user, inherits think\Controller> protected method result ] {
      @@ C:\phpStudy\PHPTutorial\WWW\thinkphp\thinkphp\library\traits\controller\Jump.php 115 - 126

      - Parameters [5] {
        Parameter #0 [ <required> $data ]
        Parameter #1 [ <optional> $code = 0 ]
        Parameter #2 [ <optional> $msg = '' ]
        Parameter #3 [ <optional> $type = '' ]
        Parameter #4 [ <optional> array $header = Array ]
      }
    }

    /**
     * URL重定向
     * @access protected
     * @param string         $url 跳转的URL表达式
     * @param array|integer  $params 其它URL参数
     * @param integer        $code http code
     * @return void
     */
    Method [ <user, inherits think\Controller> protected method redirect ] {
      @@ C:\phpStudy\PHPTutorial\WWW\thinkphp\thinkphp\library\traits\controller\Jump.php 136 - 145

      - Parameters [3] {
        Parameter #0 [ <required> $url ]
        Parameter #1 [ <optional> $params = Array ]
        Parameter #2 [ <optional> $code = 302 ]
      }
    }

    /**
     * 获取当前的response 输出类型
     * @access protected
     * @return string
     */
    Method [ <user, inherits think\Controller> protected method getResponseType ] {
      @@ C:\phpStudy\PHPTutorial\WWW\thinkphp\thinkphp\library\traits\controller\Jump.php 152 - 156
    }
  }
}

[ info ] [ RUN ] Method [ <user> public method index ] {
  @@ C:\phpStudy\PHPTutorial\WWW\thinkphp\application\admin\controller\Login.php 18 - 32
}

[ info ] [ DB ] INIT mysql
[ info ] [ LOG ] INIT File
[ sql ] [ DB ] CONNECT:[ UseTime:0.003000s ] mysql:dbname=test3;host=127.0.0.1;charset=utf8
[ error ] [42S02]SQLSTATE[42S02]: Base table or view not found: 1146 Table 'test3.oc_admin_user' doesn't exist[C:\phpStudy\PHPTutorial\WWW\thinkphp\thinkphp\library\think\db\connector\Mysql.php:60]

---------------------------------------------------------------
[ 2018-12-23T16:05:53+08:00 ] 127.0.0.1 127.0.0.1 POST /admin/login/index.html
[ log ] shop.com/admin/login/index.html [运行时间：0.039003s][吞吐率：25.64req/s] [内存消耗：1,583.64kb] [文件加载：42]
[ info ] [ LANG ] C:\phpStudy\PHPTutorial\WWW\thinkphp\thinkphp\lang\zh-cn.php
[ info ] [ ROUTE ] array (
  'type' => 'module',
  'module' => 
  array (
    0 => 'admin',
    1 => 'login',
    2 => 'index',
  ),
)
[ info ] [ HEADER ] array (
  'cookie' => 'PHPSESSID=8e5sa3htl57fiptg9n4mqovvcu',
  'accept-language' => 'zh-CN,zh;q=0.8',
  'accept-encoding' => 'gzip, deflate',
  'referer' => 'http://shop.com/admin/login/index.html',
  'accept' => 'text/html,application/xhtml+xml,application/xml;q=0.9,image/webp,*/*;q=0.8',
  'user-agent' => 'Mozilla/5.0 (Windows NT 6.1; WOW64) AppleWebKit/537.36 (KHTML, like Gecko) Chrome/55.0.2883.87 Safari/537.36',
  'upgrade-insecure-requests' => '1',
  'origin' => 'http://shop.com',
  'cache-control' => 'max-age=0',
  'connection' => 'close',
  'host' => 'shop.com',
  'content-type' => 'application/x-www-form-urlencoded',
  'content-length' => '44',
)
[ info ] [ PARAM ] array (
  '/admin/login/index_html' => '',
  'username' => 'admin',
  'password' => 'admin',
  'remember-me' => 'on',
)
[ info ] [ RUN ] Class [ <user> class app\admin\controller\Login extends think\Controller ] {
  @@ C:\phpStudy\PHPTutorial\WWW\thinkphp\application\admin\controller\Login.php 16-71

  - Constants [0] {
  }

  - Static properties [0] {
  }

  - Static methods [0] {
  }

  - Properties [5] {
    Property [ <default> protected $view ]
    Property [ <default> protected $request ]
    Property [ <default> protected $failException ]
    Property [ <default> protected $batchValidate ]
    Property [ <default> protected $beforeActionList ]
  }

  - Methods [17] {
    Method [ <user> public method index ] {
      @@ C:\phpStudy\PHPTutorial\WWW\thinkphp\application\admin\controller\Login.php 18 - 32
    }

    Method [ <user> public method logout ] {
      @@ C:\phpStudy\PHPTutorial\WWW\thinkphp\application\admin\controller\Login.php 34 - 38
    }

    /**
     * 用户登录
     * @author  <835173372@qq.com>
     */
    Method [ <user> public method login ] {
      @@ C:\phpStudy\PHPTutorial\WWW\thinkphp\application\admin\controller\Login.php 44 - 70

      - Parameters [3] {
        Parameter #0 [ <required> $username ]
        Parameter #1 [ <required> $password ]
        Parameter #2 [ <optional> $map = Array ]
      }
    }

    /**
     * 架构函数
     * @param Request $request Request对象
     * @access public
     */
    Method [ <user, inherits think\Controller, ctor> public method __construct ] {
      @@ C:\phpStudy\PHPTutorial\WWW\thinkphp\thinkphp\library\think\Controller.php 44 - 63

      - Parameters [1] {
        Parameter #0 [ <optional> think\Request or NULL $request = NULL ]
      }
    }

    Method [ <user, inherits think\Controller> protected method _initialize ] {
      @@ C:\phpStudy\PHPTutorial\WWW\thinkphp\thinkphp\library\think\Controller.php 66 - 68
    }

    /**
     * 前置操作
     * @access protected
     * @param string $method  前置操作方法名
     * @param array  $options 调用参数 ['only'=>[...]] 或者['except'=>[...]]
     */
    Method [ <user, inherits think\Controller> protected method beforeAction ] {
      @@ C:\phpStudy\PHPTutorial\WWW\thinkphp\thinkphp\library\think\Controller.php 76 - 95

      - Parameters [2] {
        Parameter #0 [ <required> $method ]
        Parameter #1 [ <optional> $options = Array ]
      }
    }

    /**
     * 加载模板输出
     * @access protected
     * @param string $template 模板文件名
     * @param array  $vars     模板输出变量
     * @param array  $replace  模板替换
     * @param array  $config   模板参数
     * @return mixed
     */
    Method [ <user, inherits think\Controller> protected method fetch ] {
      @@ C:\phpStudy\PHPTutorial\WWW\thinkphp\thinkphp\library\think\Controller.php 106 - 109

      - Parameters [4] {
        Parameter #0 [ <optional> $template = '' ]
        Parameter #1 [ <optional> $vars = Array ]
        Parameter #2 [ <optional> $replace = Array ]
        Parameter #3 [ <optional> $config = Array ]
      }
    }

    /**
     * 渲染内容输出
     * @access protected
     * @param string $content 模板内容
     * @param array  $vars    模板输出变量
     * @param array  $replace 替换内容
     * @param array  $config  模板参数
     * @return mixed
     */
    Method [ <user, inherits think\Controller> protected method display ] {
      @@ C:\phpStudy\PHPTutorial\WWW\thinkphp\thinkphp\library\think\Controller.php 120 - 123

      - Parameters [4] {
        Parameter #0 [ <optional> $content = '' ]
        Parameter #1 [ <optional> $vars = Array ]
        Parameter #2 [ <optional> $replace = Array ]
        Parameter #3 [ <optional> $config = Array ]
      }
    }

    /**
     * 模板变量赋值
     * @access protected
     * @param mixed $name  要显示的模板变量
     * @param mixed $value 变量的值
     * @return void
     */
    Method [ <user, inherits think\Controller> protected method assign ] {
      @@ C:\phpStudy\PHPTutorial\WWW\thinkphp\thinkphp\library\think\Controller.php 132 - 135

      - Parameters [2] {
        Parameter #0 [ <required> $name ]
        Parameter #1 [ <optional> $value = '' ]
      }
    }

    /**
     * 初始化模板引擎
     * @access protected
     * @param array|string $engine 引擎参数
     * @return void
     */
    Method [ <user, inherits think\Controller> protected method engine ] {
      @@ C:\phpStudy\PHPTutorial\WWW\thinkphp\thinkphp\library\think\Controller.php 143 - 146

      - Parameters [1] {
        Parameter #0 [ <required> $engine ]
      }
    }

    /**
     * 设置验证失败后是否抛出异常
     * @access protected
     * @param bool $fail 是否抛出异常
     * @return $this
     */
    Method [ <user, inherits think\Controller> protected method validateFailException ] {
      @@ C:\phpStudy\PHPTutorial\WWW\thinkphp\thinkphp\library\think\Controller.php 154 - 158

      - Parameters [1] {
        Parameter #0 [ <optional> $fail = true ]
      }
    }

    /**
     * 验证数据
     * @access protected
     * @param array        $data     数据
     * @param string|array $validate 验证器名或者验证规则数组
     * @param array        $message  提示信息
     * @param bool         $batch    是否批量验证
     * @param mixed        $callback 回调方法（闭包）
     * @return array|string|true
     * @throws ValidateException
     */
    Method [ <user, inherits think\Controller> protected method validate ] {
      @@ C:\phpStudy\PHPTutorial\WWW\thinkphp\thinkphp\library\think\Controller.php 171 - 208

      - Parameters [5] {
        Parameter #0 [ <required> $data ]
        Parameter #1 [ <required> $validate ]
        Parameter #2 [ <optional> $message = Array ]
        Parameter #3 [ <optional> $batch = false ]
        Parameter #4 [ <optional> $callback = NULL ]
      }
    }

    /**
     * 操作成功跳转的快捷方法
     * @access protected
     * @param mixed     $msg 提示信息
     * @param string    $url 跳转的URL地址
     * @param mixed     $data 返回的数据
     * @param integer   $wait 跳转等待时间
     * @param array     $header 发送的Header信息
     * @return void
     */
    Method [ <user, inherits think\Controller> protected method success ] {
      @@ C:\phpStudy\PHPTutorial\WWW\thinkphp\thinkphp\library\traits\controller\Jump.php 37 - 64

      - Parameters [5] {
        Parameter #0 [ <optional> $msg = '' ]
        Parameter #1 [ <optional> $url = NULL ]
        Parameter #2 [ <optional> $data = '' ]
        Parameter #3 [ <optional> $wait = 2 ]
        Parameter #4 [ <optional> array $header = Array ]
      }
    }

    /**
     * 操作错误跳转的快捷方法
     * @access protected
     * @param mixed     $msg 提示信息
     * @param string    $url 跳转的URL地址
     * @param mixed     $data 返回的数据
     * @param integer   $wait 跳转等待时间
     * @param array     $header 发送的Header信息
     * @return void
     */
    Method [ <user, inherits think\Controller> protected method error ] {
      @@ C:\phpStudy\PHPTutorial\WWW\thinkphp\thinkphp\library\traits\controller\Jump.php 76 - 103

      - Parameters [5] {
        Parameter #0 [ <optional> $msg = '' ]
        Parameter #1 [ <optional> $url = NULL ]
        Parameter #2 [ <optional> $data = '' ]
        Parameter #3 [ <optional> $wait = 2 ]
        Parameter #4 [ <optional> array $header = Array ]
      }
    }

    /**
     * 返回封装后的API数据到客户端
     * @access protected
     * @param mixed     $data 要返回的数据
     * @param integer   $code 返回的code
     * @param mixed     $msg 提示信息
     * @param string    $type 返回数据格式
     * @param array     $header 发送的Header信息
     * @return void
     */
    Method [ <user, inherits think\Controller> protected method result ] {
      @@ C:\phpStudy\PHPTutorial\WWW\thinkphp\thinkphp\library\traits\controller\Jump.php 115 - 126

      - Parameters [5] {
        Parameter #0 [ <required> $data ]
        Parameter #1 [ <optional> $code = 0 ]
        Parameter #2 [ <optional> $msg = '' ]
        Parameter #3 [ <optional> $type = '' ]
        Parameter #4 [ <optional> array $header = Array ]
      }
    }

    /**
     * URL重定向
     * @access protected
     * @param string         $url 跳转的URL表达式
     * @param array|integer  $params 其它URL参数
     * @param integer        $code http code
     * @return void
     */
    Method [ <user, inherits think\Controller> protected method redirect ] {
      @@ C:\phpStudy\PHPTutorial\WWW\thinkphp\thinkphp\library\traits\controller\Jump.php 136 - 145

      - Parameters [3] {
        Parameter #0 [ <required> $url ]
        Parameter #1 [ <optional> $params = Array ]
        Parameter #2 [ <optional> $code = 302 ]
      }
    }

    /**
     * 获取当前的response 输出类型
     * @access protected
     * @return string
     */
    Method [ <user, inherits think\Controller> protected method getResponseType ] {
      @@ C:\phpStudy\PHPTutorial\WWW\thinkphp\thinkphp\library\traits\controller\Jump.php 152 - 156
    }
  }
}

[ info ] [ RUN ] Method [ <user> public method index ] {
  @@ C:\phpStudy\PHPTutorial\WWW\thinkphp\application\admin\controller\Login.php 18 - 32
}

[ info ] [ DB ] INIT mysql
[ info ] [ SESSION ] INIT array (
  'id' => '',
  'var_session_id' => '',
  'prefix' => 'think',
  'type' => '',
  'auto_start' => true,
)
[ info ] [ LOG ] INIT File
[ sql ] [ DB ] CONNECT:[ UseTime:0.002000s ] mysql:dbname=test3;host=127.0.0.1;charset=utf8
[ sql ] [ SQL ] SHOW COLUMNS FROM `oc_admin_user` [ RunTime:0.006000s ]
[ sql ] [ SQL ] SELECT * FROM `oc_admin_user` WHERE  `username` = 'admin'  AND `status` = 1 LIMIT 1     [ RunTime:0.001000s ]

---------------------------------------------------------------
[ 2018-12-23T16:05:53+08:00 ] 127.0.0.1 127.0.0.1 GET /admin/
[ log ] shop.com/admin/ [运行时间：0.058003s][吞吐率：17.24req/s] [内存消耗：1,792.88kb] [文件加载：46]
[ info ] [ LANG ] C:\phpStudy\PHPTutorial\WWW\thinkphp\thinkphp\lang\zh-cn.php
[ info ] [ ROUTE ] array (
  'type' => 'module',
  'module' => 
  array (
    0 => 'admin',
    1 => NULL,
    2 => NULL,
  ),
)
[ info ] [ HEADER ] array (
  'cookie' => 'PHPSESSID=8e5sa3htl57fiptg9n4mqovvcu',
  'accept-language' => 'zh-CN,zh;q=0.8',
  'accept-encoding' => 'gzip, deflate, sdch',
  'referer' => 'http://shop.com/admin/login/index.html',
  'accept' => 'text/html,application/xhtml+xml,application/xml;q=0.9,image/webp,*/*;q=0.8',
  'user-agent' => 'Mozilla/5.0 (Windows NT 6.1; WOW64) AppleWebKit/537.36 (KHTML, like Gecko) Chrome/55.0.2883.87 Safari/537.36',
  'upgrade-insecure-requests' => '1',
  'cache-control' => 'max-age=0',
  'connection' => 'close',
  'host' => 'shop.com',
)
[ info ] [ PARAM ] array (
  '/admin/' => '',
)
[ info ] [ RUN ] Class [ <user> class app\admin\controller\Index extends app\admin\controller\Common ] {
  @@ C:\phpStudy\PHPTutorial\WWW\thinkphp\application\admin\controller\Index.php 13-76

  - Constants [0] {
  }

  - Static properties [0] {
  }

  - Static methods [0] {
  }

  - Properties [5] {
    Property [ <default> protected $view ]
    Property [ <default> protected $request ]
    Property [ <default> protected $failException ]
    Property [ <default> protected $batchValidate ]
    Property [ <default> protected $beforeActionList ]
  }

  - Methods [19] {
    Method [ <user> public method index ] {
      @@ C:\phpStudy\PHPTutorial\WWW\thinkphp\application\admin\controller\Index.php 15 - 39
    }

    /**
     * 删除缓存
     * @author  <835173372@qq.com>
     */
    Method [ <user> public method removeRuntime ] {
      @@ C:\phpStudy\PHPTutorial\WWW\thinkphp\application\admin\controller\Index.php 44 - 54
    }

    Method [ <user> public method del_dir ] {
      @@ C:\phpStudy\PHPTutorial\WWW\thinkphp\application\admin\controller\Index.php 56 - 75

      - Parameters [1] {
        Parameter #0 [ <required> $dirName ]
      }
    }

    Method [ <user, inherits app\admin\controller\Common, prototype think\Controller> protected method _initialize ] {
      @@ C:\phpStudy\PHPTutorial\WWW\thinkphp\application\admin\controller\Common.php 23 - 46
    }

    Method [ <user, inherits app\admin\controller\Common> public method checkMenuAuth ] {
      @@ C:\phpStudy\PHPTutorial\WWW\thinkphp\application\admin\controller\Common.php 48 - 86
    }

    Method [ <user, inherits app\admin\controller\Common> protected method cou_error ] {
      @@ C:\phpStudy\PHPTutorial\WWW\thinkphp\application\admin\controller\Common.php 89 - 119

      - Parameters [5] {
        Parameter #0 [ <optional> $msg = '' ]
        Parameter #1 [ <optional> $url = NULL ]
        Parameter #2 [ <optional> $data = '' ]
        Parameter #3 [ <optional> $wait = 2 ]
        Parameter #4 [ <optional> array $header = Array ]
      }
    }

    /**
     * 架构函数
     * @param Request $request Request对象
     * @access public
     */
    Method [ <user, inherits think\Controller, ctor> public method __construct ] {
      @@ C:\phpStudy\PHPTutorial\WWW\thinkphp\thinkphp\library\think\Controller.php 44 - 63

      - Parameters [1] {
        Parameter #0 [ <optional> think\Request or NULL $request = NULL ]
      }
    }

    /**
     * 前置操作
     * @access protected
     * @param string $method  前置操作方法名
     * @param array  $options 调用参数 ['only'=>[...]] 或者['except'=>[...]]
     */
    Method [ <user, inherits think\Controller> protected method beforeAction ] {
      @@ C:\phpStudy\PHPTutorial\WWW\thinkphp\thinkphp\library\think\Controller.php 76 - 95

      - Parameters [2] {
        Parameter #0 [ <required> $method ]
        Parameter #1 [ <optional> $options = Array ]
      }
    }

    /**
     * 加载模板输出
     * @access protected
     * @param string $template 模板文件名
     * @param array  $vars     模板输出变量
     * @param array  $replace  模板替换
     * @param array  $config   模板参数
     * @return mixed
     */
    Method [ <user, inherits think\Controller> protected method fetch ] {
      @@ C:\phpStudy\PHPTutorial\WWW\thinkphp\thinkphp\library\think\Controller.php 106 - 109

      - Parameters [4] {
        Parameter #0 [ <optional> $template = '' ]
        Parameter #1 [ <optional> $vars = Array ]
        Parameter #2 [ <optional> $replace = Array ]
        Parameter #3 [ <optional> $config = Array ]
      }
    }

    /**
     * 渲染内容输出
     * @access protected
     * @param string $content 模板内容
     * @param array  $vars    模板输出变量
     * @param array  $replace 替换内容
     * @param array  $config  模板参数
     * @return mixed
     */
    Method [ <user, inherits think\Controller> protected method display ] {
      @@ C:\phpStudy\PHPTutorial\WWW\thinkphp\thinkphp\library\think\Controller.php 120 - 123

      - Parameters [4] {
        Parameter #0 [ <optional> $content = '' ]
        Parameter #1 [ <optional> $vars = Array ]
        Parameter #2 [ <optional> $replace = Array ]
        Parameter #3 [ <optional> $config = Array ]
      }
    }

    /**
     * 模板变量赋值
     * @access protected
     * @param mixed $name  要显示的模板变量
     * @param mixed $value 变量的值
     * @return void
     */
    Method [ <user, inherits think\Controller> protected method assign ] {
      @@ C:\phpStudy\PHPTutorial\WWW\thinkphp\thinkphp\library\think\Controller.php 132 - 135

      - Parameters [2] {
        Parameter #0 [ <required> $name ]
        Parameter #1 [ <optional> $value = '' ]
      }
    }

    /**
     * 初始化模板引擎
     * @access protected
     * @param array|string $engine 引擎参数
     * @return void
     */
    Method [ <user, inherits think\Controller> protected method engine ] {
      @@ C:\phpStudy\PHPTutorial\WWW\thinkphp\thinkphp\library\think\Controller.php 143 - 146

      - Parameters [1] {
        Parameter #0 [ <required> $engine ]
      }
    }

    /**
     * 设置验证失败后是否抛出异常
     * @access protected
     * @param bool $fail 是否抛出异常
     * @return $this
     */
    Method [ <user, inherits think\Controller> protected method validateFailException ] {
      @@ C:\phpStudy\PHPTutorial\WWW\thinkphp\thinkphp\library\think\Controller.php 154 - 158

      - Parameters [1] {
        Parameter #0 [ <optional> $fail = true ]
      }
    }

    /**
     * 验证数据
     * @access protected
     * @param array        $data     数据
     * @param string|array $validate 验证器名或者验证规则数组
     * @param array        $message  提示信息
     * @param bool         $batch    是否批量验证
     * @param mixed        $callback 回调方法（闭包）
     * @return array|string|true
     * @throws ValidateException
     */
    Method [ <user, inherits think\Controller> protected method validate ] {
      @@ C:\phpStudy\PHPTutorial\WWW\thinkphp\thinkphp\library\think\Controller.php 171 - 208

      - Parameters [5] {
        Parameter #0 [ <required> $data ]
        Parameter #1 [ <required> $validate ]
        Parameter #2 [ <optional> $message = Array ]
        Parameter #3 [ <optional> $batch = false ]
        Parameter #4 [ <optional> $callback = NULL ]
      }
    }

    /**
     * 操作成功跳转的快捷方法
     * @access protected
     * @param mixed     $msg 提示信息
     * @param string    $url 跳转的URL地址
     * @param mixed     $data 返回的数据
     * @param integer   $wait 跳转等待时间
     * @param array     $header 发送的Header信息
     * @return void
     */
    Method [ <user, inherits think\Controller> protected method success ] {
      @@ C:\phpStudy\PHPTutorial\WWW\thinkphp\thinkphp\library\traits\controller\Jump.php 37 - 64

      - Parameters [5] {
        Parameter #0 [ <optional> $msg = '' ]
        Parameter #1 [ <optional> $url = NULL ]
        Parameter #2 [ <optional> $data = '' ]
        Parameter #3 [ <optional> $wait = 2 ]
        Parameter #4 [ <optional> array $header = Array ]
      }
    }

    /**
     * 操作错误跳转的快捷方法
     * @access protected
     * @param mixed     $msg 提示信息
     * @param string    $url 跳转的URL地址
     * @param mixed     $data 返回的数据
     * @param integer   $wait 跳转等待时间
     * @param array     $header 发送的Header信息
     * @return void
     */
    Method [ <user, inherits think\Controller> protected method error ] {
      @@ C:\phpStudy\PHPTutorial\WWW\thinkphp\thinkphp\library\traits\controller\Jump.php 76 - 103

      - Parameters [5] {
        Parameter #0 [ <optional> $msg = '' ]
        Parameter #1 [ <optional> $url = NULL ]
        Parameter #2 [ <optional> $data = '' ]
        Parameter #3 [ <optional> $wait = 2 ]
        Parameter #4 [ <optional> array $header = Array ]
      }
    }

    /**
     * 返回封装后的API数据到客户端
     * @access protected
     * @param mixed     $data 要返回的数据
     * @param integer   $code 返回的code
     * @param mixed     $msg 提示信息
     * @param string    $type 返回数据格式
     * @param array     $header 发送的Header信息
     * @return void
     */
    Method [ <user, inherits think\Controller> protected method result ] {
      @@ C:\phpStudy\PHPTutorial\WWW\thinkphp\thinkphp\library\traits\controller\Jump.php 115 - 126

      - Parameters [5] {
        Parameter #0 [ <required> $data ]
        Parameter #1 [ <optional> $code = 0 ]
        Parameter #2 [ <optional> $msg = '' ]
        Parameter #3 [ <optional> $type = '' ]
        Parameter #4 [ <optional> array $header = Array ]
      }
    }

    /**
     * URL重定向
     * @access protected
     * @param string         $url 跳转的URL表达式
     * @param array|integer  $params 其它URL参数
     * @param integer        $code http code
     * @return void
     */
    Method [ <user, inherits think\Controller> protected method redirect ] {
      @@ C:\phpStudy\PHPTutorial\WWW\thinkphp\thinkphp\library\traits\controller\Jump.php 136 - 145

      - Parameters [3] {
        Parameter #0 [ <required> $url ]
        Parameter #1 [ <optional> $params = Array ]
        Parameter #2 [ <optional> $code = 302 ]
      }
    }

    /**
     * 获取当前的response 输出类型
     * @access protected
     * @return string
     */
    Method [ <user, inherits think\Controller> protected method getResponseType ] {
      @@ C:\phpStudy\PHPTutorial\WWW\thinkphp\thinkphp\library\traits\controller\Jump.php 152 - 156
    }
  }
}

[ info ] [ SESSION ] INIT array (
  'id' => '',
  'var_session_id' => '',
  'prefix' => 'think',
  'type' => '',
  'auto_start' => true,
)
[ info ] [ RUN ] Method [ <user> public method index ] {
  @@ C:\phpStudy\PHPTutorial\WWW\thinkphp\application\admin\controller\Index.php 15 - 39
}

[ info ] [ DB ] INIT mysql
[ info ] [ VIEW ] C:\phpStudy\PHPTutorial\WWW\thinkphp\public/../application/admin\view\index\index.html [ array (
  0 => 'order_sum',
  1 => 'order_sum2',
  2 => 'goods_sum',
  3 => 'goods_sum2',
  4 => 'member_sum',
  5 => 'member_sum2',
) ]
[ info ] [ LOG ] INIT File
[ sql ] [ DB ] CONNECT:[ UseTime:0.010001s ] mysql:dbname=test3;host=127.0.0.1;charset=utf8
[ sql ] [ SQL ] SHOW COLUMNS FROM `oc_order` [ RunTime:0.006000s ]
[ sql ] [ SQL ] SELECT COUNT(id) AS tp_count FROM `oc_order` LIMIT 1   [ RunTime:0.000000s ]
[ sql ] [ SQL ] SELECT COUNT(id) AS tp_count FROM `oc_order` WHERE  (  create_time > 1545494400 and create_time< 1545552353 ) LIMIT 1   [ RunTime:0.001000s ]
[ sql ] [ SQL ] SHOW COLUMNS FROM `oc_goods` [ RunTime:0.006000s ]
[ sql ] [ SQL ] SELECT COUNT(id) AS tp_count FROM `oc_goods` WHERE  (  status=1 ) LIMIT 1   [ RunTime:0.000000s ]
[ sql ] [ SQL ] SELECT COUNT(id) AS tp_count FROM `oc_goods` WHERE  (  create_time > 1545494400 and create_time< 1545552353 ) LIMIT 1   [ RunTime:0.000000s ]
[ sql ] [ SQL ] SHOW COLUMNS FROM `oc_member` [ RunTime:0.007000s ]
[ sql ] [ SQL ] SELECT COUNT(id) AS tp_count FROM `oc_member` LIMIT 1   [ RunTime:0.000000s ]
[ sql ] [ SQL ] SELECT COUNT(id) AS tp_count FROM `oc_member` WHERE  (  create_time > 1545494400 and create_time< 1545552353 ) LIMIT 1   [ RunTime:0.001000s ]

---------------------------------------------------------------
